mode: set
github.com/Sugyk/auth_service/internal/api/http/router.go:18.41,34.2 5 0
github.com/Sugyk/auth_service/internal/api/http/router.go:36.32,38.2 1 0
github.com/Sugyk/auth_service/internal/api/http/router.go:40.54,42.87 2 0
github.com/Sugyk/auth_service/internal/api/http/router.go:42.87,44.3 1 0
github.com/Sugyk/auth_service/internal/api/http/router.go:45.2,45.12 1 0
github.com/Sugyk/auth_service/internal/api/http/handlers/errors.go:17.89,19.8 2 1
github.com/Sugyk/auth_service/internal/api/http/handlers/errors.go:19.8,21.3 1 1
github.com/Sugyk/auth_service/internal/api/http/handlers/errors.go:23.2,27.39 2 1
github.com/Sugyk/auth_service/internal/api/http/handlers/errors.go:30.86,32.9 2 1
github.com/Sugyk/auth_service/internal/api/http/handlers/errors.go:32.9,36.3 3 1
github.com/Sugyk/auth_service/internal/api/http/handlers/errors.go:38.2,40.40 2 1
github.com/Sugyk/auth_service/internal/api/http/handlers/handler.go:25.65,30.2 1 1
github.com/Sugyk/auth_service/internal/api/http/handlers/handler.go:32.68,37.65 3 1
github.com/Sugyk/auth_service/internal/api/http/handlers/handler.go:37.65,40.3 2 1
github.com/Sugyk/auth_service/internal/api/http/handlers/handler.go:41.2,41.43 1 1
github.com/Sugyk/auth_service/internal/api/http/handlers/handler.go:41.43,44.3 2 1
github.com/Sugyk/auth_service/internal/api/http/handlers/handler.go:46.2,47.23 2 1
github.com/Sugyk/auth_service/internal/api/http/handlers/handler.go:47.23,50.3 2 1
github.com/Sugyk/auth_service/internal/api/http/handlers/handler.go:52.2,56.46 2 1
github.com/Sugyk/auth_service/internal/api/http/handlers/handler.go:59.65,64.65 3 1
github.com/Sugyk/auth_service/internal/api/http/handlers/handler.go:64.65,67.3 2 1
github.com/Sugyk/auth_service/internal/api/http/handlers/handler.go:68.2,68.43 1 1
github.com/Sugyk/auth_service/internal/api/http/handlers/handler.go:68.43,71.3 2 1
github.com/Sugyk/auth_service/internal/api/http/handlers/handler.go:73.2,75.23 2 1
github.com/Sugyk/auth_service/internal/api/http/handlers/handler.go:75.23,78.3 2 1
github.com/Sugyk/auth_service/internal/api/http/handlers/handler.go:80.2,84.41 2 1
github.com/Sugyk/auth_service/internal/api/http/handlers/helpers.go:9.98,11.16 2 1
github.com/Sugyk/auth_service/internal/api/http/handlers/helpers.go:11.16,14.3 2 1
github.com/Sugyk/auth_service/internal/api/http/handlers/helpers.go:15.2,17.15 3 1
github.com/Sugyk/auth_service/internal/api/http/handlers/service_mock.go:32.59,36.2 3 1
github.com/Sugyk/auth_service/internal/api/http/handlers/service_mock.go:39.57,41.2 1 1
github.com/Sugyk/auth_service/internal/api/http/handlers/service_mock.go:44.90,50.2 5 1
github.com/Sugyk/auth_service/internal/api/http/handlers/service_mock.go:53.81,56.2 2 1
github.com/Sugyk/auth_service/internal/api/http/handlers/service_mock.go:59.83,64.2 4 1
github.com/Sugyk/auth_service/internal/api/http/handlers/service_mock.go:67.84,70.2 2 1
github.com/Sugyk/auth_service/internal/application/application.go:39.49,41.47 1 0
github.com/Sugyk/auth_service/internal/application/application.go:41.47,43.3 1 0
github.com/Sugyk/auth_service/internal/application/application.go:45.2,45.40 1 0
github.com/Sugyk/auth_service/internal/application/application.go:45.40,47.3 1 0
github.com/Sugyk/auth_service/internal/application/application.go:49.2,49.38 1 0
github.com/Sugyk/auth_service/internal/application/application.go:49.38,51.3 1 0
github.com/Sugyk/auth_service/internal/application/application.go:53.2,53.43 1 0
github.com/Sugyk/auth_service/internal/application/application.go:53.43,55.3 1 0
github.com/Sugyk/auth_service/internal/application/application.go:57.2,57.40 1 0
github.com/Sugyk/auth_service/internal/application/application.go:57.40,59.3 1 0
github.com/Sugyk/auth_service/internal/application/application.go:61.2,61.40 1 0
github.com/Sugyk/auth_service/internal/application/application.go:61.40,63.3 1 0
github.com/Sugyk/auth_service/internal/application/application.go:65.2,65.39 1 0
github.com/Sugyk/auth_service/internal/application/application.go:65.39,67.3 1 0
github.com/Sugyk/auth_service/internal/application/application.go:68.2,68.65 1 0
github.com/Sugyk/auth_service/internal/application/application.go:71.36,73.2 1 0
github.com/Sugyk/auth_service/internal/application/application.go:75.54,79.2 2 0
github.com/Sugyk/auth_service/internal/application/application.go:81.43,83.16 2 0
github.com/Sugyk/auth_service/internal/application/application.go:83.16,85.3 1 0
github.com/Sugyk/auth_service/internal/application/application.go:87.2,89.12 2 0
github.com/Sugyk/auth_service/internal/application/application.go:92.57,101.43 2 0
github.com/Sugyk/auth_service/internal/application/application.go:101.43,103.3 1 0
github.com/Sugyk/auth_service/internal/application/application.go:105.2,107.12 2 0
github.com/Sugyk/auth_service/internal/application/application.go:110.46,114.2 2 0
github.com/Sugyk/auth_service/internal/application/application.go:116.43,127.2 4 0
github.com/Sugyk/auth_service/internal/application/application.go:129.43,133.2 2 0
github.com/Sugyk/auth_service/internal/application/application.go:135.42,139.2 2 0
github.com/Sugyk/auth_service/internal/application/application.go:141.56,146.12 4 0
github.com/Sugyk/auth_service/internal/application/application.go:146.12,148.3 1 0
github.com/Sugyk/auth_service/internal/application/application.go:150.2,152.9 2 0
github.com/Sugyk/auth_service/internal/application/application.go:153.17,155.13 2 0
github.com/Sugyk/auth_service/internal/application/application.go:156.23,157.58 1 0
github.com/Sugyk/auth_service/internal/application/application.go:161.53,164.47 2 0
github.com/Sugyk/auth_service/internal/application/application.go:164.47,166.3 1 0
github.com/Sugyk/auth_service/internal/application/application.go:166.8,168.3 1 0
github.com/Sugyk/auth_service/internal/application/application.go:170.2,173.67 3 0
github.com/Sugyk/auth_service/internal/config/config.go:13.39,41.41 17 0
github.com/Sugyk/auth_service/internal/config/config.go:41.41,42.56 1 0
github.com/Sugyk/auth_service/internal/config/config.go:42.56,45.4 1 0
github.com/Sugyk/auth_service/internal/config/config.go:47.3,47.73 1 0
github.com/Sugyk/auth_service/internal/config/config.go:48.8,50.3 1 0
github.com/Sugyk/auth_service/internal/config/config.go:53.2,66.28 3 0
github.com/Sugyk/auth_service/internal/config/config.go:66.28,68.3 1 0
github.com/Sugyk/auth_service/internal/config/config.go:71.2,78.23 3 0
github.com/Sugyk/auth_service/internal/config/config.go:82.54,83.22 1 0
github.com/Sugyk/auth_service/internal/config/config.go:83.22,85.3 1 0
github.com/Sugyk/auth_service/internal/config/config.go:86.2,86.22 1 0
github.com/Sugyk/auth_service/internal/config/config.go:86.22,88.3 1 0
github.com/Sugyk/auth_service/internal/config/config.go:89.2,89.29 1 0
github.com/Sugyk/auth_service/internal/config/config.go:89.29,91.3 1 0
github.com/Sugyk/auth_service/internal/config/config.go:92.2,92.29 1 0
github.com/Sugyk/auth_service/internal/config/config.go:92.29,94.3 1 0
github.com/Sugyk/auth_service/internal/config/config.go:95.2,95.22 1 0
github.com/Sugyk/auth_service/internal/config/config.go:95.22,97.3 1 0
github.com/Sugyk/auth_service/internal/models/apperror.go:25.35,27.2 1 0
github.com/Sugyk/auth_service/internal/models/apperror.go:29.35,31.2 1 0
github.com/Sugyk/auth_service/internal/models/apperror.go:33.69,39.2 1 1
github.com/Sugyk/auth_service/internal/models/apperror.go:41.51,47.2 1 1
github.com/Sugyk/auth_service/internal/models/apperror.go:49.49,55.2 1 1
github.com/Sugyk/auth_service/internal/models/apperror.go:57.45,59.2 1 1
github.com/Sugyk/auth_service/internal/models/apperror.go:61.47,67.2 1 1
github.com/Sugyk/auth_service/internal/models/apperror.go:69.47,75.2 1 1
github.com/Sugyk/auth_service/internal/models/apperror.go:80.46,82.39 2 1
github.com/Sugyk/auth_service/internal/models/apperror.go:82.39,84.3 1 1
github.com/Sugyk/auth_service/internal/models/apperror.go:85.2,85.19 1 1
github.com/Sugyk/auth_service/internal/models/http.go:8.44,9.19 1 1
github.com/Sugyk/auth_service/internal/models/http.go:9.19,11.3 1 1
github.com/Sugyk/auth_service/internal/models/http.go:12.2,12.34 1 1
github.com/Sugyk/auth_service/internal/models/http.go:12.34,14.3 1 1
github.com/Sugyk/auth_service/internal/models/http.go:15.2,15.12 1 1
github.com/Sugyk/auth_service/internal/models/http.go:27.41,28.19 1 1
github.com/Sugyk/auth_service/internal/models/http.go:28.19,30.3 1 1
github.com/Sugyk/auth_service/internal/models/http.go:31.2,31.34 1 1
github.com/Sugyk/auth_service/internal/models/http.go:31.34,33.3 1 1
github.com/Sugyk/auth_service/internal/models/http.go:34.2,34.12 1 1
github.com/Sugyk/auth_service/internal/pkg/hasher/passwords.go:16.49,20.2 1 0
github.com/Sugyk/auth_service/internal/pkg/hasher/passwords.go:22.72,25.16 2 0
github.com/Sugyk/auth_service/internal/pkg/hasher/passwords.go:25.16,27.3 1 0
github.com/Sugyk/auth_service/internal/pkg/hasher/passwords.go:29.2,29.36 1 0
github.com/Sugyk/auth_service/internal/pkg/hasher/passwords.go:32.94,33.96 1 0
github.com/Sugyk/auth_service/internal/pkg/hasher/passwords.go:33.96,35.3 1 0
github.com/Sugyk/auth_service/internal/pkg/hasher/passwords.go:36.2,36.13 1 0
github.com/Sugyk/auth_service/internal/pkg/jwt_manager/jwt_manager.go:19.62,30.16 4 0
github.com/Sugyk/auth_service/internal/pkg/jwt_manager/jwt_manager.go:30.16,32.3 1 0
github.com/Sugyk/auth_service/internal/pkg/jwt_manager/jwt_manager.go:34.2,34.25 1 0
github.com/Sugyk/auth_service/internal/pkg/jwt_manager/jwt_manager.go:37.74,38.19 1 0
github.com/Sugyk/auth_service/internal/pkg/jwt_manager/jwt_manager.go:38.19,40.3 1 0
github.com/Sugyk/auth_service/internal/pkg/jwt_manager/jwt_manager.go:42.2,42.14 1 0
github.com/Sugyk/auth_service/internal/pkg/jwt_manager/jwt_manager.go:42.14,44.3 1 0
github.com/Sugyk/auth_service/internal/pkg/jwt_manager/jwt_manager.go:46.2,49.8 1 0
github.com/Sugyk/auth_service/internal/repository/repository.go:18.52,22.2 1 0
github.com/Sugyk/auth_service/internal/repository/repository.go:24.91,34.16 4 0
github.com/Sugyk/auth_service/internal/repository/repository.go:34.16,36.3 1 0
github.com/Sugyk/auth_service/internal/repository/repository.go:37.2,37.29 1 0
github.com/Sugyk/auth_service/internal/repository/repository.go:37.29,39.3 1 0
github.com/Sugyk/auth_service/internal/repository/repository.go:40.2,40.12 1 0
github.com/Sugyk/auth_service/internal/repository/repository.go:43.92,56.49 6 0
github.com/Sugyk/auth_service/internal/repository/repository.go:56.49,58.3 1 0
github.com/Sugyk/auth_service/internal/repository/repository.go:60.2,60.22 1 0
github.com/Sugyk/auth_service/internal/service/service.go:29.94,35.2 1 0
github.com/Sugyk/auth_service/internal/service/service.go:37.86,39.16 2 0
github.com/Sugyk/auth_service/internal/service/service.go:39.16,41.3 1 0
github.com/Sugyk/auth_service/internal/service/service.go:43.2,43.70 1 0
github.com/Sugyk/auth_service/internal/service/service.go:43.70,45.71 1 0
github.com/Sugyk/auth_service/internal/service/service.go:45.71,46.43 1 0
github.com/Sugyk/auth_service/internal/service/service.go:46.43,48.5 1 0
github.com/Sugyk/auth_service/internal/service/service.go:49.4,49.47 1 0
github.com/Sugyk/auth_service/internal/service/service.go:52.3,52.13 1 0
github.com/Sugyk/auth_service/internal/service/service.go:54.19,56.3 1 0
github.com/Sugyk/auth_service/internal/service/service.go:58.2,58.12 1 0
github.com/Sugyk/auth_service/internal/service/service.go:62.93,66.16 2 0
github.com/Sugyk/auth_service/internal/service/service.go:66.16,67.46 1 0
github.com/Sugyk/auth_service/internal/service/service.go:67.46,69.4 1 0
github.com/Sugyk/auth_service/internal/service/service.go:70.3,70.58 1 0
github.com/Sugyk/auth_service/internal/service/service.go:73.2,73.58 1 0
github.com/Sugyk/auth_service/internal/service/service.go:73.58,75.3 1 0
github.com/Sugyk/auth_service/internal/service/service.go:77.2,79.16 2 0
github.com/Sugyk/auth_service/internal/service/service.go:79.16,81.3 1 0
github.com/Sugyk/auth_service/internal/service/service.go:83.2,83.19 1 0
github.com/Sugyk/auth_service/pkg/logger/logger.go:14.31,16.2 1 0
github.com/Sugyk/auth_service/pkg/logger/logger.go:18.23,20.2 1 1
github.com/Sugyk/auth_service/pkg/logger/noop.go:7.74,7.75 0 0
github.com/Sugyk/auth_service/pkg/logger/noop.go:8.74,8.75 0 0
github.com/Sugyk/auth_service/pkg/logger/noop.go:9.74,9.75 0 1
github.com/Sugyk/auth_service/pkg/logger/noop.go:10.74,10.75 0 1
github.com/Sugyk/auth_service/pkg/logger/noop.go:12.46,14.2 1 0
github.com/Sugyk/auth_service/pkg/logger/slog.go:14.44,17.18 2 0
github.com/Sugyk/auth_service/pkg/logger/slog.go:18.15,19.26 1 0
github.com/Sugyk/auth_service/pkg/logger/slog.go:20.14,21.25 1 0
github.com/Sugyk/auth_service/pkg/logger/slog.go:22.10,23.25 1 0
github.com/Sugyk/auth_service/pkg/logger/slog.go:26.2,31.3 3 0
github.com/Sugyk/auth_service/pkg/logger/slog.go:34.74,36.2 1 0
github.com/Sugyk/auth_service/pkg/logger/slog.go:38.73,40.2 1 0
github.com/Sugyk/auth_service/pkg/logger/slog.go:42.73,44.2 1 0
github.com/Sugyk/auth_service/pkg/logger/slog.go:46.74,48.2 1 0
github.com/Sugyk/auth_service/pkg/logger/slog.go:50.47,54.2 1 0
